[debug] [2021-06-25T22:53:23.944Z] ----------------------------------------------------------------------
[debug] [2021-06-25T22:53:23.945Z] Command:       C:\Program Files\nodejs\node.exe D:\Users\DIA\AppData\Roaming\npm\node_modules\firebase-tools\lib\bin\firebase.js init
[debug] [2021-06-25T22:53:23.946Z] CLI Version:   9.13.1
[debug] [2021-06-25T22:53:23.946Z] Platform:      win32
[debug] [2021-06-25T22:53:23.946Z] Node Version:  v14.17.1
[debug] [2021-06-25T22:53:23.947Z] Time:          Fri Jun 25 2021 17:53:23 GMT-0500 (hora estándar de Perú)
[debug] [2021-06-25T22:53:23.947Z] ----------------------------------------------------------------------
[debug] 
[debug] [2021-06-25T22:53:23.952Z] > command requires scopes: ["email","openid","https://www.googleapis.com/auth/cloudplatformprojects.readonly","https://www.googleapis.com/auth/firebase","https://www.googleapis.com/auth/cloud-platform"]
[debug] [2021-06-25T22:53:23.952Z] > authorizing via signed-in user (sponcea@certus.edu.pe)
[info] 
     ######## #### ########  ######## ########     ###     ######  ########
     ##        ##  ##     ## ##       ##     ##  ##   ##  ##       ##
     ######    ##  ########  ######   ########  #########  ######  ######
     ##        ##  ##    ##  ##       ##     ## ##     ##       ## ##
     ##       #### ##     ## ######## ########  ##     ##  ######  ########

You're about to initialize a Firebase project in this directory:

  D:\Users\DIA\Desktop\otraPrueba

[info] 
=== Project Setup
[info] 
[info] First, let's associate this project directory with a Firebase project.
[info] You can create multiple project aliases by running firebase use --add, 
[info] but for now we'll just set up a default project.
[info] 
[info] i  If you want to create a project in a Google Cloud organization or folder, please use "firebase projects:create" instead, and return to this command when you've created the project. 
[debug] [2021-06-25T22:55:23.532Z] >>> HTTP REQUEST POST https://cloudresourcemanager.googleapis.com/v1/projects  
 {"projectId":"prueba-firebase-git","name":"prueba-firebase-git"}
[debug] [2021-06-25T22:55:25.190Z] <<< HTTP RESPONSE 200 {"content-type":"application/json; charset=UTF-8","vary":"X-Origin, Referer, Origin,Accept-Encoding","date":"Fri, 25 Jun 2021 22:55:25 GMT","server":"ESF","cache-control":"private","x-xss-protection":"0","x-frame-options":"SAMEORIGIN","x-content-type-options":"nosniff","server-timing":"gfet4t7; dur=1192","alt-svc":"h3=\":443\"; ma=2592000,h3-29=\":443\"; ma=2592000,h3-T051=\":443\"; ma=2592000,h3-Q050=\":443\"; ma=2592000,h3-Q046=\":443\"; ma=2592000,h3-Q043=\":443\"; ma=2592000,quic=\":443\"; ma=2592000; v=\"46,43\"","accept-ranges":"none","transfer-encoding":"chunked"}
[debug] [2021-06-25T22:55:25.196Z] > refreshing access token with scopes: []
[debug] [2021-06-25T22:55:25.197Z] >>> HTTP REQUEST POST https://www.googleapis.com/oauth2/v3/token  
 <request body omitted>
[debug] [2021-06-25T22:55:25.531Z] <<< HTTP RESPONSE 200 {"cache-control":"no-cache, no-store, max-age=0, must-revalidate","date":"Fri, 25 Jun 2021 22:55:25 GMT","pragma":"no-cache","expires":"Mon, 01 Jan 1990 00:00:00 GMT","content-type":"application/json; charset=utf-8","vary":"X-Origin, Referer, Origin,Accept-Encoding","server":"scaffolding on HTTPServer2","x-xss-protection":"0","x-frame-options":"SAMEORIGIN","x-content-type-options":"nosniff","alt-svc":"h3=\":443\"; ma=2592000,h3-29=\":443\"; ma=2592000,h3-T051=\":443\"; ma=2592000,h3-Q050=\":443\"; ma=2592000,h3-Q046=\":443\"; ma=2592000,h3-Q043=\":443\"; ma=2592000,quic=\":443\"; ma=2592000; v=\"46,43\"","accept-ranges":"none","transfer-encoding":"chunked"}
[debug] [2021-06-25T22:55:25.595Z] >>> [apiv2][query] GET https://cloudresourcemanager.googleapis.com/v1/operations/cp.8565283251997301334 [none]
[debug] [2021-06-25T22:55:26.896Z] <<< [apiv2][status] GET https://cloudresourcemanager.googleapis.com/v1/operations/cp.8565283251997301334 200
[debug] [2021-06-25T22:55:26.896Z] <<< [apiv2][body] GET https://cloudresourcemanager.googleapis.com/v1/operations/cp.8565283251997301334 {"name":"operations/cp.8565283251997301334"}
[debug] [2021-06-25T22:55:27.396Z] [Project Creation Poller] Retrying task index 0
[debug] [2021-06-25T22:55:27.396Z] >>> [apiv2][query] GET https://cloudresourcemanager.googleapis.com/v1/operations/cp.8565283251997301334 [none]
[debug] [2021-06-25T22:55:28.746Z] <<< [apiv2][status] GET https://cloudresourcemanager.googleapis.com/v1/operations/cp.8565283251997301334 200
[debug] [2021-06-25T22:55:28.746Z] <<< [apiv2][body] GET https://cloudresourcemanager.googleapis.com/v1/operations/cp.8565283251997301334 {"name":"operations/cp.8565283251997301334","metadata":{"@type":"type.googleapis.com/google.cloudresourcemanager.v1.ProjectCreationStatus","gettable":true,"ready":true},"done":true,"response":{"@type":"type.googleapis.com/google.cloudresourcemanager.v1.Project","projectNumber":"799531710315","projectId":"prueba-firebase-git","lifecycleState":"ACTIVE","name":"prueba-firebase-git","createTime":"2021-06-25T22:55:24.730Z","parent":{"type":"organization","id":"92471390776"}}}
[debug] [2021-06-25T22:55:28.755Z] > refreshing access token with scopes: ["email","https://www.googleapis.com/auth/cloud-platform","https://www.googleapis.com/auth/cloudplatformprojects.readonly","https://www.googleapis.com/auth/firebase","openid"]
[debug] [2021-06-25T22:55:28.756Z] >>> HTTP REQUEST POST https://www.googleapis.com/oauth2/v3/token  
 <request body omitted>
[debug] [2021-06-25T22:55:29.047Z] <<< HTTP RESPONSE 200 {"expires":"Mon, 01 Jan 1990 00:00:00 GMT","cache-control":"no-cache, no-store, max-age=0, must-revalidate","date":"Fri, 25 Jun 2021 22:55:29 GMT","pragma":"no-cache","content-type":"application/json; charset=utf-8","vary":"X-Origin, Referer, Origin,Accept-Encoding","server":"scaffolding on HTTPServer2","x-xss-protection":"0","x-frame-options":"SAMEORIGIN","x-content-type-options":"nosniff","alt-svc":"h3=\":443\"; ma=2592000,h3-29=\":443\"; ma=2592000,h3-T051=\":443\"; ma=2592000,h3-Q050=\":443\"; ma=2592000,h3-Q046=\":443\"; ma=2592000,h3-Q043=\":443\"; ma=2592000,quic=\":443\"; ma=2592000; v=\"46,43\"","accept-ranges":"none","transfer-encoding":"chunked"}
[debug] [2021-06-25T22:55:29.111Z] >>> HTTP REQUEST POST https://firebase.googleapis.com/v1beta1/projects/prueba-firebase-git:addFirebase  
 
[debug] [2021-06-25T22:55:31.920Z] <<< HTTP RESPONSE 200 {"content-type":"application/json; charset=UTF-8","vary":"X-Origin, Referer, Origin,Accept-Encoding","date":"Fri, 25 Jun 2021 22:55:31 GMT","server":"ESF","cache-control":"private","x-xss-protection":"0","x-frame-options":"SAMEORIGIN","x-content-type-options":"nosniff","alt-svc":"h3=\":443\"; ma=2592000,h3-29=\":443\"; ma=2592000,h3-T051=\":443\"; ma=2592000,h3-Q050=\":443\"; ma=2592000,h3-Q046=\":443\"; ma=2592000,h3-Q043=\":443\"; ma=2592000,quic=\":443\"; ma=2592000; v=\"46,43\"","accept-ranges":"none","transfer-encoding":"chunked"}
[debug] [2021-06-25T22:55:31.922Z] > refreshing access token with scopes: []
[debug] [2021-06-25T22:55:31.923Z] >>> HTTP REQUEST POST https://www.googleapis.com/oauth2/v3/token  
 <request body omitted>
[debug] [2021-06-25T22:55:32.298Z] <<< HTTP RESPONSE 200 {"date":"Fri, 25 Jun 2021 22:55:32 GMT","pragma":"no-cache","expires":"Mon, 01 Jan 1990 00:00:00 GMT","cache-control":"no-cache, no-store, max-age=0, must-revalidate","content-type":"application/json; charset=utf-8","vary":"X-Origin, Referer, Origin,Accept-Encoding","server":"scaffolding on HTTPServer2","x-xss-protection":"0","x-frame-options":"SAMEORIGIN","x-content-type-options":"nosniff","alt-svc":"h3=\":443\"; ma=2592000,h3-29=\":443\"; ma=2592000,h3-T051=\":443\"; ma=2592000,h3-Q050=\":443\"; ma=2592000,h3-Q046=\":443\"; ma=2592000,h3-Q043=\":443\"; ma=2592000,quic=\":443\"; ma=2592000; v=\"46,43\"","accept-ranges":"none","transfer-encoding":"chunked"}
[debug] [2021-06-25T22:55:32.358Z] >>> [apiv2][query] GET https://firebase.googleapis.com/v1beta1/operations/workflows/NmI4OTIzMDEtMWE0Mi00N2JlLWFiMjItYzlmNDhhNTI1MjIz [none]
[debug] [2021-06-25T22:55:33.003Z] <<< [apiv2][status] GET https://firebase.googleapis.com/v1beta1/operations/workflows/NmI4OTIzMDEtMWE0Mi00N2JlLWFiMjItYzlmNDhhNTI1MjIz 200
[debug] [2021-06-25T22:55:33.004Z] <<< [apiv2][body] GET https://firebase.googleapis.com/v1beta1/operations/workflows/NmI4OTIzMDEtMWE0Mi00N2JlLWFiMjItYzlmNDhhNTI1MjIz {"name":"operations/workflows/NmI4OTIzMDEtMWE0Mi00N2JlLWFiMjItYzlmNDhhNTI1MjIz"}
[debug] [2021-06-25T22:55:33.504Z] [Add Firebase Poller] Retrying task index 0
[debug] [2021-06-25T22:55:33.505Z] >>> [apiv2][query] GET https://firebase.googleapis.com/v1beta1/operations/workflows/NmI4OTIzMDEtMWE0Mi00N2JlLWFiMjItYzlmNDhhNTI1MjIz [none]
[debug] [2021-06-25T22:55:34.135Z] <<< [apiv2][status] GET https://firebase.googleapis.com/v1beta1/operations/workflows/NmI4OTIzMDEtMWE0Mi00N2JlLWFiMjItYzlmNDhhNTI1MjIz 200
[debug] [2021-06-25T22:55:34.136Z] <<< [apiv2][body] GET https://firebase.googleapis.com/v1beta1/operations/workflows/NmI4OTIzMDEtMWE0Mi00N2JlLWFiMjItYzlmNDhhNTI1MjIz {"name":"operations/workflows/NmI4OTIzMDEtMWE0Mi00N2JlLWFiMjItYzlmNDhhNTI1MjIz"}
[debug] [2021-06-25T22:55:35.136Z] [Add Firebase Poller] Retrying task index 0
[debug] [2021-06-25T22:55:35.138Z] >>> [apiv2][query] GET https://firebase.googleapis.com/v1beta1/operations/workflows/NmI4OTIzMDEtMWE0Mi00N2JlLWFiMjItYzlmNDhhNTI1MjIz [none]
[debug] [2021-06-25T22:55:36.493Z] <<< [apiv2][status] GET https://firebase.googleapis.com/v1beta1/operations/workflows/NmI4OTIzMDEtMWE0Mi00N2JlLWFiMjItYzlmNDhhNTI1MjIz 200
[debug] [2021-06-25T22:55:36.494Z] <<< [apiv2][body] GET https://firebase.googleapis.com/v1beta1/operations/workflows/NmI4OTIzMDEtMWE0Mi00N2JlLWFiMjItYzlmNDhhNTI1MjIz {"name":"operations/workflows/NmI4OTIzMDEtMWE0Mi00N2JlLWFiMjItYzlmNDhhNTI1MjIz"}
[debug] [2021-06-25T22:55:38.494Z] [Add Firebase Poller] Retrying task index 0
[debug] [2021-06-25T22:55:38.495Z] >>> [apiv2][query] GET https://firebase.googleapis.com/v1beta1/operations/workflows/NmI4OTIzMDEtMWE0Mi00N2JlLWFiMjItYzlmNDhhNTI1MjIz [none]
[debug] [2021-06-25T22:55:39.909Z] <<< [apiv2][status] GET https://firebase.googleapis.com/v1beta1/operations/workflows/NmI4OTIzMDEtMWE0Mi00N2JlLWFiMjItYzlmNDhhNTI1MjIz 200
[debug] [2021-06-25T22:55:39.909Z] <<< [apiv2][body] GET https://firebase.googleapis.com/v1beta1/operations/workflows/NmI4OTIzMDEtMWE0Mi00N2JlLWFiMjItYzlmNDhhNTI1MjIz {"name":"operations/workflows/NmI4OTIzMDEtMWE0Mi00N2JlLWFiMjItYzlmNDhhNTI1MjIz"}
[debug] [2021-06-25T22:55:43.912Z] [Add Firebase Poller] Retrying task index 0
[debug] [2021-06-25T22:55:43.913Z] >>> [apiv2][query] GET https://firebase.googleapis.com/v1beta1/operations/workflows/NmI4OTIzMDEtMWE0Mi00N2JlLWFiMjItYzlmNDhhNTI1MjIz [none]
[debug] [2021-06-25T22:55:44.814Z] <<< [apiv2][status] GET https://firebase.googleapis.com/v1beta1/operations/workflows/NmI4OTIzMDEtMWE0Mi00N2JlLWFiMjItYzlmNDhhNTI1MjIz 200
[debug] [2021-06-25T22:55:44.814Z] <<< [apiv2][body] GET https://firebase.googleapis.com/v1beta1/operations/workflows/NmI4OTIzMDEtMWE0Mi00N2JlLWFiMjItYzlmNDhhNTI1MjIz {"name":"operations/workflows/NmI4OTIzMDEtMWE0Mi00N2JlLWFiMjItYzlmNDhhNTI1MjIz","done":true,"response":{"@type":"type.googleapis.com/google.firebase.service.v1beta1.FirebaseProject","projectId":"prueba-firebase-git","projectNumber":"799531710315","displayName":"prueba-firebase-git","name":"projects/prueba-firebase-git","resources":{"hostingSite":"prueba-firebase-git"}}}
[info] 
[info] === Your Firebase project is ready! ===
[info] 
[info] Project information:
[info]    - Project ID: prueba-firebase-git
[info]    - Project Name: prueba-firebase-git
[info] 
[info] Firebase console is available at
[info] https://console.firebase.google.com/project/prueba-firebase-git/overview
[info] i  Using project prueba-firebase-git (prueba-firebase-git) 
[info] 
=== Hosting Setup
[info] 
[info] Your public directory is the folder (relative to your project directory) that
[info] will contain Hosting assets to be uploaded with firebase deploy. If you
[info] have a build process for your assets, use your build's output directory.
[info] 
[info] +  Wrote public/404.html 
[debug] [2021-06-25T22:55:59.339Z] >>> [apiv2][query] GET https://www.gstatic.com/firebasejs/releases.json [none]
[debug] [2021-06-25T22:55:59.699Z] <<< [apiv2][status] GET https://www.gstatic.com/firebasejs/releases.json 200
[debug] [2021-06-25T22:55:59.699Z] <<< [apiv2][body] GET https://www.gstatic.com/firebasejs/releases.json {"current":{"version":"8.6.8","browserURL":"https://www.gstatic.com/firebasejs/8.6.8/firebase.js","packageURL":"https://www.gstatic.com/firebasejs/8.6.8/firebase.tgz"},"live":{"version":"8.6","browserURL":"https://www.gstatic.com/firebasejs/live/8.6/firebase.js","packageURL":"https://www.gstatic.com/firebasejs/live/8.6/firebase.tgz"},"components":{"analytics":"https://www.gstatic.com/firebasejs/8.6.8/firebase-analytics.js","app":"https://www.gstatic.com/firebasejs/8.6.8/firebase-app.js","app-check":"https://www.gstatic.com/firebasejs/8.6.8/firebase-app-check.js","auth":"https://www.gstatic.com/firebasejs/8.6.8/firebase-auth.js","database":"https://www.gstatic.com/firebasejs/8.6.8/firebase-database.js","firestore":"https://www.gstatic.com/firebasejs/8.6.8/firebase-firestore.js","functions":"https://www.gstatic.com/firebasejs/8.6.8/firebase-functions.js","installations":"https://www.gstatic.com/firebasejs/8.6.8/firebase-installations.js","messaging":"https://www.gstatic.com/firebasejs/8.6.8/firebase-messaging.js","storage":"https://www.gstatic.com/firebasejs/8.6.8/firebase-storage.js","performance":"https://www.gstatic.com/firebasejs/8.6.8/firebase-performance.js","remote-config":"https://www.gstatic.com/firebasejs/8.6.8/firebase-remote-config.js","firestore.memory":"https://www.gstatic.com/firebasejs/8.6.8/firebase-firestore.memory.js"}}
[info] i  Skipping write of public/index.html 
[info] 
[info] i  Didn't detect a .git folder. Assuming D:\Users\DIA\Desktop\otraPrueba is the project root. 
[info] i  Authorizing with GitHub to upload your service account to a GitHub repository's secrets store. 
[info] 
[info] Visit this URL on this device to log in:
[info] https://github.com/login/oauth/authorize?client_id=89cf50f02ac6aaed3484&state=64880358&redirect_uri=http%3A%2F%2Flocalhost%3A9005&scope=read%3Auser%20repo%20public_repo
[info] 
[info] Waiting for authentication...
[debug] [2021-06-25T22:56:07.525Z] >>> HTTP REQUEST POST https://github.com/login/oauth/access_token  
 {"client_id":"89cf50f02ac6aaed3484","client_secret":"3330d14abc895d9a74d5f17cd7a00711fa2c5bf0","code":"647a4d82f0b25ab3fe14","redirect_uri":"http://localhost:9005","state":"64880358"}
[debug] [2021-06-25T22:56:07.903Z] <<< HTTP RESPONSE 200 {"server":"GitHub.com","date":"Fri, 25 Jun 2021 22:56:07 GMT","content-type":"application/json; charset=utf-8","transfer-encoding":"chunked","vary":"X-PJAX, Accept-Encoding, Accept, X-Requested-With","permissions-policy":"interest-cohort=()","etag":"W/\"acbe92a24341367d888b0991968e77a5\"","cache-control":"max-age=0, private, must-revalidate","strict-transport-security":"max-age=31536000; includeSubdomains; preload","x-frame-options":"deny","x-content-type-options":"nosniff","x-xss-protection":"0","referrer-policy":"origin-when-cross-origin, strict-origin-when-cross-origin","expect-ct":"max-age=2592000, report-uri=\"https://api.github.com/_private/browser/errors\"","content-security-policy":"default-src 'none'; base-uri 'self'; block-all-mixed-content; connect-src 'self' uploads.github.com www.githubstatus.com collector.githubapp.com api.github.com github-cloud.s3.amazonaws.com github-production-repository-file-5c1aeb.s3.amazonaws.com github-production-upload-manifest-file-7fdce7.s3.amazonaws.com github-production-user-asset-6210df.s3.amazonaws.com cdn.optimizely.com logx.optimizely.com/v1/events translator.github.com wss://alive.github.com; font-src github.githubassets.com; form-action 'self' github.com gist.github.com; frame-ancestors 'none'; frame-src render.githubusercontent.com render-temp.githubusercontent.com viewscreen.githubusercontent.com; img-src 'self' data: github.githubassets.com identicons.github.com collector.githubapp.com github-cloud.s3.amazonaws.com secured-user-images.githubusercontent.com/ *.githubusercontent.com; manifest-src 'self'; media-src 'none'; script-src github.githubassets.com; style-src 'unsafe-inline' github.githubassets.com; worker-src github.com/socket-worker-3f088aa2.js gist.github.com/socket-worker-3f088aa2.js","x-github-request-id":"78FE:739B:2F125E:486426:60D65F07"}
[debug] [2021-06-25T22:56:07.908Z] >>> [apiv2][query] GET https://api.github.com/user [none]
[debug] [2021-06-25T22:56:08.419Z] <<< [apiv2][status] GET https://api.github.com/user 200
[debug] [2021-06-25T22:56:08.419Z] <<< [apiv2][body] GET https://api.github.com/user {"login":"sponcea","id":82071796,"node_id":"MDQ6VXNlcjgyMDcxNzk2","avatar_url":"https://avatars.githubusercontent.com/u/82071796?v=4","gravatar_id":"","url":"https://api.github.com/users/sponcea","html_url":"https://github.com/sponcea","followers_url":"https://api.github.com/users/sponcea/followers","following_url":"https://api.github.com/users/sponcea/following{/other_user}","gists_url":"https://api.github.com/users/sponcea/gists{/gist_id}","starred_url":"https://api.github.com/users/sponcea/starred{/owner}{/repo}","subscriptions_url":"https://api.github.com/users/sponcea/subscriptions","organizations_url":"https://api.github.com/users/sponcea/orgs","repos_url":"https://api.github.com/users/sponcea/repos","events_url":"https://api.github.com/users/sponcea/events{/privacy}","received_events_url":"https://api.github.com/users/sponcea/received_events","type":"User","site_admin":false,"name":null,"company":null,"blog":"","location":null,"email":null,"hireable":null,"bio":null,"twitter_username":null,"public_repos":5,"public_gists":0,"followers":0,"following":0,"created_at":"2021-04-07T02:33:03Z","updated_at":"2021-06-25T22:27:05Z","private_gists":0,"total_private_repos":1,"owned_private_repos":1,"disk_usage":11824,"collaborators":0,"two_factor_authentication":false,"plan":{"name":"free","space":976562499,"collaborators":0,"private_repos":10000}}
[info] 
[info] +  Success! Logged into GitHub as sponcea 
[info] 
